-------------------------------------------------------------------------------
Test set: com.dinesh.productmicroservice.ProductMicroserviceApplicationTests
-------------------------------------------------------------------------------
Tests run: 1, Failures: 0, Errors: 1, Skipped: 0, Time elapsed: 0.972 s <<< FAILURE! - in com.dinesh.productmicroservice.ProductMicroserviceApplicationTests
com.dinesh.productmicroservice.ProductMicroserviceApplicationTests  Time elapsed: 0.971 s  <<< ERROR!
java.lang.IllegalStateException: Could not find a valid Docker environment. Please see logs and check configuration

