<?xml version="1.0" encoding="UTF-8"?>
<testsuite xmlns:xsi="http://www.w3.org/2001/XMLSchema-instance" xsi:noNamespaceSchemaLocation="https://maven.apache.org/surefire/maven-surefire-plugin/xsd/surefire-test-report.xsd" name="com.dinesh.productmicroservice.ProductMicroserviceApplicationTests" time="0.972" tests="1" errors="1" skipped="0" failures="0">
  <properties>
[...]
</properties>
  <testcase name="com.dinesh.productmicroservice.ProductMicroserviceApplicationTests" classname="com.dinesh.productmicroservice.ProductMicroserviceApplicationTests" time="0.971">
    <error message="Could not find a valid Docker environment. Please see logs and check configuration" type="java.lang.IllegalStateException">java.lang.IllegalStateException: Could not find a valid Docker environment. Please see logs and check configuration
</error>
    <system-out><![CDATA[14:38:08.519 [main] DEBUG org.springframework.boot.test.context.SpringBootTestContextBootstrapper - Neither @ContextConfiguration nor @ContextHierarchy found for test class [ProductMicroserviceApplicationTests]: using SpringBootContextLoader
14:38:08.524 [main] DEBUG org.springframework.test.context.support.AbstractContextLoader - Could not detect default resource locations for test class [com.dinesh.productmicroservice.ProductMicroserviceApplicationTests]: no resource found for suffixes {-context.xml, Context.groovy}.
14:38:08.525 [main] INFO org.springframework.test.context.support.AnnotationConfigContextLoaderUtils - Could not detect default configuration classes for test class [com.dinesh.productmicroservice.ProductMicroserviceApplicationTests]: ProductMicroserviceApplicationTests does not declare any static, non-private, non-final, nested classes annotated with @Configuration.
14:38:08.576 [main] DEBUG org.springframework.boot.test.context.SpringBootTestContextBootstrapper - Using ContextCustomizers for test class [ProductMicroserviceApplicationTests]: [ImportsContextCustomizer, ExcludeFilterContextCustomizer, DuplicateJsonObjectContextCustomizer, MockitoContextCustomizer, TestRestTemplateContextCustomizer, DisableObservabilityContextCustomizer, PropertyMappingContextCustomizer, Customizer, DynamicPropertiesContextCustomizer]
14:38:08.686 [main] DEBUG org.springframework.context.annotation.ClassPathScanningCandidateComponentProvider - Identified candidate component class: file [C:\Users\Mark\Desktop\spring-boot\micro-services\online-shopping\product-service\target\classes\com\dinesh\productmicroservice\ProductMicroserviceApplication.class]
14:38:08.689 [main] INFO org.springframework.boot.test.context.SpringBootTestContextBootstrapper - Found @SpringBootConfiguration com.dinesh.productmicroservice.ProductMicroserviceApplication for test class com.dinesh.productmicroservice.ProductMicroserviceApplicationTests
14:38:08.931 [main] DEBUG org.springframework.boot.test.context.SpringBootTestContextBootstrapper - Using TestExecutionListeners for test class [ProductMicroserviceApplicationTests]: [ServletTestExecutionListener, DirtiesContextBeforeModesTestExecutionListener, ApplicationEventsTestExecutionListener, MockitoTestExecutionListener, DependencyInjectionTestExecutionListener, DirtiesContextTestExecutionListener, TransactionalTestExecutionListener, SqlScriptsTestExecutionListener, EventPublishingTestExecutionListener, ResetMocksTestExecutionListener, RestDocsTestExecutionListener, MockRestServiceServerResetTestExecutionListener, MockMvcPrintOnlyOnFailureTestExecutionListener, WebDriverTestExecutionListener, MockWebServiceServerTestExecutionListener]
14:38:08.934 [main] DEBUG org.springframework.test.context.support.AbstractDirtiesContextTestExecutionListener - Before test class: class [ProductMicroserviceApplicationTests], class annotated with @DirtiesContext [false] with mode [null]
14:38:09.133 [main] DEBUG org.testcontainers.utility.TestcontainersConfiguration - Testcontainers configuration overrides will be loaded from file:/C:/Users/Mark/.testcontainers.properties
14:38:09.148 [main] INFO org.testcontainers.utility.ImageNameSubstitutor - Image name substitution will be performed by: DefaultImageNameSubstitutor (composite of 'ConfigurationFileImageNameSubstitutor' and 'PrefixingImageNameSubstitutor')
14:38:09.198 [main] INFO org.testcontainers.dockerclient.DockerClientProviderStrategy - Loaded org.testcontainers.dockerclient.NpipeSocketClientProviderStrategy from ~/.testcontainers.properties, will try it first
14:38:09.199 [main] DEBUG org.testcontainers.dockerclient.DockerClientProviderStrategy - Trying out strategy: NpipeSocketClientProviderStrategy
14:38:09.200 [main] DEBUG org.testcontainers.dockerclient.DockerClientProviderStrategy - DOCKER_HOST socket file '//./pipe/docker_engine' does not exist
14:38:09.201 [main] DEBUG org.testcontainers.dockerclient.DockerClientProviderStrategy - strategy NpipeSocketClientProviderStrategy did not pass the test
14:38:09.207 [main] INFO org.testcontainers.dockerclient.DockerMachineClientProviderStrategy - docker-machine executable was not found on PATH ([C:\Users\Mark\openjdk\jdk-19.0.1\bin, C:\Program Files\Microsoft\jdk-11.0.12.7-hotspot\bin, C:\Program Files\Common Files\Oracle\Java\javapath, C:\WINDOWS\system32, C:\WINDOWS, C:\WINDOWS\System32\Wbem, C:\WINDOWS\System32\WindowsPowerShell\v1.0\, C:\WINDOWS\System32\OpenSSH\, C:\maven\apache-maven-3.8.5\bin, C:\Program Files\Git\cmd, C:\Program Files\Java\jdk-18.0.1\bin, C:\Program Files\Docker\Docker\resources\bin, C:\ProgramData\DockerDesktop\version-bin, C:\Program Files\Amazon\AWSCLIV2\, C:\Program Files\GitHub CLI\, C:\Program Files\Kubernetes\Minikube, C:\minikube, C:\Program Files\nodejs\, C:\ProgramData\chocolatey\bin, C:\Program Files\PowerShell\7\, C:\Users\Mark\AppData\Local\Programs\Python\Python310\Scripts\, C:\Users\Mark\AppData\Local\Programs\Python\Python310\, C:\Users\Mark\.cargo\bin, C:\Users\Mark\.pyenv\pyenv-win\bin, C:\Users\Mark\.pyenv\pyenv-win\shims, C:\Users\Mark\.pyenv\pyenv-win\bin, C:\Users\Mark\.pyenv\pyenv-win\shims, C:\Users\Mark\AppData\Local\Microsoft\WindowsApps, C:\Users\Mark\AppData\Local\Programs\Microsoft VS Code\bin, C:\Program Files\JetBrains\IntelliJ IDEA Community Edition 2022.1\bin, C:\Users\Mark\AppData\Local\Programs\oh-my-posh\bin, C:\Program Files\JetBrains\PyCharm Community Edition 2022.1.2\bin, C:\Users\Mark\dev\flutter\bin, C:\Program Files\PostgreSQL\14\bin, C:\Program Files\JetBrains\PyCharm Community Edition 2022.2.3\bin, , C:\Users\Mark\AppData\Local\Programs\mongosh\, C:\Program Files\MongoDB\Server\6.0\bin, C:\Users\Mark\AppData\Roaming\npm])
14:38:09.209 [main] ERROR org.testcontainers.dockerclient.DockerClientProviderStrategy - Could not find a valid Docker environment. Please check configuration. Attempted configurations were:
As no valid configuration was found, execution cannot continue.
See https://www.testcontainers.org/on_failure.html for more details.
14:38:09.212 [main] DEBUG org.springframework.test.context.support.AbstractDirtiesContextTestExecutionListener - After test class: class [ProductMicroserviceApplicationTests], class annotated with @DirtiesContext [false] with mode [null]
]]></system-out>
  </testcase>
</testsuite>